<?xml version="1.0" encoding="UTF-8"?>
<testng-results total="1" passed="1" failed="0" skipped="0">
  <reporter-output>
  </reporter-output>
  <suite started-at="2021-09-30T15:14:01Z" name="Default suite" finished-at="2021-09-30T15:14:19Z" duration-ms="17521">
    <groups>
    </groups>
    <test started-at="2021-09-30T15:14:01Z" name="Default test" finished-at="2021-09-30T15:14:19Z" duration-ms="17521">
      <class name="testcase.Loginapplication">
        <test-method signature="login()[pri:0, instance:testcase.Loginapplication@2805d709]" started-at="2021-09-30T20:44:01Z" name="login" finished-at="2021-09-30T20:44:19Z" duration-ms="17509" status="PASS">
          <reporter-output>
          </reporter-output>
        </test-method> <!-- login -->
      </class> <!-- testcase.Loginapplication -->
    </test> <!-- Default test -->
  </suite> <!-- Default suite -->
</testng-results>
